210c start_logger              154 ---- 2024/05/12 17:08:03.063 -------------------------------------------------
210c start_logger              160 Host process is 'cmd.exe' (pid 8460)
210c start_logger              164 DLL path is 'E:\laragon\bin\cmder\vendor\clink'
210c start_logger              178 Windows version 10.0.17134 (x64)
210c start_logger              181 Clink version 1.2.46.69fc92 (x64)
210c hook_setter::hook_setter  156 >>> Started hook transaction.
210c hook_setter::attach_iat   313 Attempting to hook SetEnvironmentVariableW in IAT for module 00007FF6CFDD0000.
210c pe_info::iterate_imports  160 Found import in 'api-ms-win-core-processenvironment-l1-1-0.dll'
210c find_iat                  121 Found import at 00007FF6CFDFF748 (value is 00007FF9EAB0EE60).
210c hook_setter::attach_iat   313 Attempting to hook WriteConsoleW in IAT for module 00007FF6CFDD0000.
210c pe_info::iterate_imports  160 Found import in 'api-ms-win-core-console-l1-1-0.dll'
210c find_iat                  121 Found import at 00007FF6CFDFF3B8 (value is 00007FF9EAAB8B70).
210c hook_setter::attach_iat   313 Attempting to hook GetEnvironmentVariableW in IAT for module 00007FF6CFDD0000.
210c pe_info::iterate_imports  160 Found import in 'api-ms-win-core-processenvironment-l1-1-0.dll'
210c find_iat                  121 Found import at 00007FF6CFDFF710 (value is 00007FF9EAAE2DF0).
210c hook_setter::commit       204 <<< Hook transaction committed.
210c hook_setter::hook_setter  156 >>> Started hook transaction.
210c hook_setter::detach_iat   356 Attempting to unhook 00007FF9B9BFADF0 from GetEnvironmentVariableW in IAT for module 00007FF6CFDD0000.
210c pe_info::iterate_imports  160 Found import in 'api-ms-win-core-processenvironment-l1-1-0.dll'
210c find_iat                  121 Found import at 00007FF6CFDFF710 (value is 00007FF9B9BFADF0).
210c hook_setter::commit       204 <<< Hook transaction committed.
210c hook_setter::hook_setter  156 >>> Started hook transaction.
210c hook_setter::attach_iat   313 Attempting to hook ReadConsoleW in IAT for module 00007FF6CFDD0000.
210c pe_info::iterate_imports  160 Found import in 'api-ms-win-core-console-l1-1-0.dll'
210c find_iat                  121 Found import at 00007FF6CFDFF3C0 (value is 00007FF9EAB6D930).
210c hook_setter::commit       204 <<< Hook transaction committed.
210c win_screen_buffer::begin  227 Using native terminal support; found 'ConEmuHk64.dll'.
210c reset_handle              145 resetting mismatched stderr handle
210c history_db::initialise   1268 master bank ctag: |CTAG_1663167284_18455859_4204_0
210c history_db::compact      1492 History:  0 active, 0 deleted
210c history_db::compact      1492 History:  1 active, 0 deleted
210c history_db::compact      1492 History:  2 active, 0 deleted
210c history_db::compact      1492 History:  3 active, 0 deleted
210c reset_handle              145 resetting mismatched stdout handle
210c history_db::compact      1492 History:  4 active, 0 deleted
210c reset_handle              145 resetting mismatched stderr handle
210c history_db::compact      1492 History:  5 active, 0 deleted
210c reset_handle              145 resetting mismatched stderr handle
210c history_db::compact      1492 History:  6 active, 0 deleted
