[12-May-2024 13:37:26 UTC] PHP Fatal error:  Uncaught ArgumentCountError: get_headers() expects at least 1 argument, 0 given in E:\laragon\www\University\wp-content\themes\university\front-page.php:1
Stack trace:
#0 E:\laragon\www\University\wp-content\themes\university\front-page.php(1): get_headers()
#1 E:\laragon\www\University\wp-includes\template-loader.php(106): include('E:\\laragon\\www\\...')
#2 E:\laragon\www\University\wp-blog-header.php(19): require_once('E:\\laragon\\www\\...')
#3 E:\laragon\www\University\index.php(17): require('E:\\laragon\\www\\...')
#4 {main}
  thrown in E:\laragon\www\University\wp-content\themes\university\front-page.php on line 1
[12-May-2024 13:38:30 UTC] PHP Fatal error:  Uncaught ArgumentCountError: get_headers() expects at least 1 argument, 0 given in E:\laragon\www\University\wp-content\themes\university\front-page.php:1
Stack trace:
#0 E:\laragon\www\University\wp-content\themes\university\front-page.php(1): get_headers()
#1 E:\laragon\www\University\wp-includes\template-loader.php(106): include('E:\\laragon\\www\\...')
#2 E:\laragon\www\University\wp-blog-header.php(19): require_once('E:\\laragon\\www\\...')
#3 E:\laragon\www\University\index.php(17): require('E:\\laragon\\www\\...')
#4 {main}
  thrown in E:\laragon\www\University\wp-content\themes\university\front-page.php on line 1
[12-May-2024 14:08:06 UTC] PHP Fatal error:  Uncaught Error: Call to undefined function wp_equeue_style() in E:\laragon\www\University\wp-content\themes\university\functions.php:3
Stack trace:
#0 E:\laragon\www\University\wp-includes\class-wp-hook.php(324): load_assets('')
#1 E:\laragon\www\University\wp-includes\class-wp-hook.php(348): WP_Hook->apply_filters(NULL, Array)
#2 E:\laragon\www\University\wp-includes\plugin.php(517): WP_Hook->do_action(Array)
#3 E:\laragon\www\University\wp-includes\script-loader.php(2265): do_action('wp_enqueue_scri...')
#4 E:\laragon\www\University\wp-includes\class-wp-hook.php(324): wp_enqueue_scripts('')
#5 E:\laragon\www\University\wp-includes\class-wp-hook.php(348): WP_Hook->apply_filters(NULL, Array)
#6 E:\laragon\www\University\wp-includes\plugin.php(517): WP_Hook->do_action(Array)
#7 E:\laragon\www\University\wp-includes\general-template.php(3050): do_action('wp_head')
#8 E:\laragon\www\University\wp-content\themes\university\header.php(7): wp_head()
#9 E:\laragon\www\University\wp-includes\template.php(810): require_once('E:\\laragon\\www\\...')
#10 E:\laragon\www\University\wp-includes\template.php(745): load_template('E:\\laragon\\www\\...', true, Array)
#11 E:\laragon\www\University\wp-includes\general-template.php(48): locate_template(Array, true, true, Array)
#12 E:\laragon\www\University\wp-content\themes\university\front-page.php(1): get_header()
#13 E:\laragon\www\University\wp-includes\template-loader.php(106): include('E:\\laragon\\www\\...')
#14 E:\laragon\www\University\wp-blog-header.php(19): require_once('E:\\laragon\\www\\...')
#15 E:\laragon\www\University\index.php(17): require('E:\\laragon\\www\\...')
#16 {main}
  thrown in E:\laragon\www\University\wp-content\themes\university\functions.php on line 3
[12-May-2024 14:09:42 UTC] PHP Fatal error:  Uncaught Error: Call to undefined function wp_equeue_style() in E:\laragon\www\University\wp-content\themes\university\functions.php:3
Stack trace:
#0 E:\laragon\www\University\wp-includes\class-wp-hook.php(324): load_assets('')
#1 E:\laragon\www\University\wp-includes\class-wp-hook.php(348): WP_Hook->apply_filters(NULL, Array)
#2 E:\laragon\www\University\wp-includes\plugin.php(517): WP_Hook->do_action(Array)
#3 E:\laragon\www\University\wp-includes\script-loader.php(2265): do_action('wp_enqueue_scri...')
#4 E:\laragon\www\University\wp-includes\class-wp-hook.php(324): wp_enqueue_scripts('')
#5 E:\laragon\www\University\wp-includes\class-wp-hook.php(348): WP_Hook->apply_filters(NULL, Array)
#6 E:\laragon\www\University\wp-includes\plugin.php(517): WP_Hook->do_action(Array)
#7 E:\laragon\www\University\wp-includes\general-template.php(3050): do_action('wp_head')
#8 E:\laragon\www\University\wp-content\themes\university\header.php(7): wp_head()
#9 E:\laragon\www\University\wp-includes\template.php(810): require_once('E:\\laragon\\www\\...')
#10 E:\laragon\www\University\wp-includes\template.php(745): load_template('E:\\laragon\\www\\...', true, Array)
#11 E:\laragon\www\University\wp-includes\general-template.php(48): locate_template(Array, true, true, Array)
#12 E:\laragon\www\University\wp-content\themes\university\front-page.php(1): get_header()
#13 E:\laragon\www\University\wp-includes\template-loader.php(106): include('E:\\laragon\\www\\...')
#14 E:\laragon\www\University\wp-blog-header.php(19): require_once('E:\\laragon\\www\\...')
#15 E:\laragon\www\University\index.php(17): require('E:\\laragon\\www\\...')
#16 {main}
  thrown in E:\laragon\www\University\wp-content\themes\university\functions.php on line 3
[12-May-2024 14:09:45 UTC] PHP Fatal error:  Uncaught Error: Call to undefined function wp_equeue_style() in E:\laragon\www\University\wp-content\themes\university\functions.php:3
Stack trace:
#0 E:\laragon\www\University\wp-includes\class-wp-hook.php(324): load_assets('')
#1 E:\laragon\www\University\wp-includes\class-wp-hook.php(348): WP_Hook->apply_filters(NULL, Array)
#2 E:\laragon\www\University\wp-includes\plugin.php(517): WP_Hook->do_action(Array)
#3 E:\laragon\www\University\wp-includes\script-loader.php(2265): do_action('wp_enqueue_scri...')
#4 E:\laragon\www\University\wp-includes\class-wp-hook.php(324): wp_enqueue_scripts('')
#5 E:\laragon\www\University\wp-includes\class-wp-hook.php(348): WP_Hook->apply_filters(NULL, Array)
#6 E:\laragon\www\University\wp-includes\plugin.php(517): WP_Hook->do_action(Array)
#7 E:\laragon\www\University\wp-includes\general-template.php(3050): do_action('wp_head')
#8 E:\laragon\www\University\wp-content\themes\university\header.php(7): wp_head()
#9 E:\laragon\www\University\wp-includes\template.php(810): require_once('E:\\laragon\\www\\...')
#10 E:\laragon\www\University\wp-includes\template.php(745): load_template('E:\\laragon\\www\\...', true, Array)
#11 E:\laragon\www\University\wp-includes\general-template.php(48): locate_template(Array, true, true, Array)
#12 E:\laragon\www\University\wp-content\themes\university\front-page.php(1): get_header()
#13 E:\laragon\www\University\wp-includes\template-loader.php(106): include('E:\\laragon\\www\\...')
#14 E:\laragon\www\University\wp-blog-header.php(19): require_once('E:\\laragon\\www\\...')
#15 E:\laragon\www\University\index.php(17): require('E:\\laragon\\www\\...')
#16 {main}
  thrown in E:\laragon\www\University\wp-content\themes\university\functions.php on line 3
[12-May-2024 14:11:09 UTC] PHP Fatal error:  Uncaught Error: Call to undefined function wp_equeue_style() in E:\laragon\www\University\wp-content\themes\university\functions.php:3
Stack trace:
#0 E:\laragon\www\University\wp-includes\class-wp-hook.php(324): load_assets('')
#1 E:\laragon\www\University\wp-includes\class-wp-hook.php(348): WP_Hook->apply_filters(NULL, Array)
#2 E:\laragon\www\University\wp-includes\plugin.php(517): WP_Hook->do_action(Array)
#3 E:\laragon\www\University\wp-includes\script-loader.php(2265): do_action('wp_enqueue_scri...')
#4 E:\laragon\www\University\wp-includes\class-wp-hook.php(324): wp_enqueue_scripts('')
#5 E:\laragon\www\University\wp-includes\class-wp-hook.php(348): WP_Hook->apply_filters(NULL, Array)
#6 E:\laragon\www\University\wp-includes\plugin.php(517): WP_Hook->do_action(Array)
#7 E:\laragon\www\University\wp-includes\general-template.php(3050): do_action('wp_head')
#8 E:\laragon\www\University\wp-content\themes\university\header.php(7): wp_head()
#9 E:\laragon\www\University\wp-includes\template.php(810): require_once('E:\\laragon\\www\\...')
#10 E:\laragon\www\University\wp-includes\template.php(745): load_template('E:\\laragon\\www\\...', true, Array)
#11 E:\laragon\www\University\wp-includes\general-template.php(48): locate_template(Array, true, true, Array)
#12 E:\laragon\www\University\wp-content\themes\university\front-page.php(1): get_header()
#13 E:\laragon\www\University\wp-includes\template-loader.php(106): include('E:\\laragon\\www\\...')
#14 E:\laragon\www\University\wp-blog-header.php(19): require_once('E:\\laragon\\www\\...')
#15 E:\laragon\www\University\index.php(17): require('E:\\laragon\\www\\...')
#16 {main}
  thrown in E:\laragon\www\University\wp-content\themes\university\functions.php on line 3
[12-May-2024 14:13:45 UTC] PHP Fatal error:  Uncaught Error: Call to undefined function get_theme_file_url() in E:\laragon\www\University\wp-content\themes\university\functions.php:5
Stack trace:
#0 E:\laragon\www\University\wp-includes\class-wp-hook.php(324): load_assets('')
#1 E:\laragon\www\University\wp-includes\class-wp-hook.php(348): WP_Hook->apply_filters(NULL, Array)
#2 E:\laragon\www\University\wp-includes\plugin.php(517): WP_Hook->do_action(Array)
#3 E:\laragon\www\University\wp-includes\script-loader.php(2265): do_action('wp_enqueue_scri...')
#4 E:\laragon\www\University\wp-includes\class-wp-hook.php(324): wp_enqueue_scripts('')
#5 E:\laragon\www\University\wp-includes\class-wp-hook.php(348): WP_Hook->apply_filters(NULL, Array)
#6 E:\laragon\www\University\wp-includes\plugin.php(517): WP_Hook->do_action(Array)
#7 E:\laragon\www\University\wp-includes\general-template.php(3050): do_action('wp_head')
#8 E:\laragon\www\University\wp-content\themes\university\header.php(7): wp_head()
#9 E:\laragon\www\University\wp-includes\template.php(810): require_once('E:\\laragon\\www\\...')
#10 E:\laragon\www\University\wp-includes\template.php(745): load_template('E:\\laragon\\www\\...', true, Array)
#11 E:\laragon\www\University\wp-includes\general-template.php(48): locate_template(Array, true, true, Array)
#12 E:\laragon\www\University\wp-content\themes\university\front-page.php(1): get_header()
#13 E:\laragon\www\University\wp-includes\template-loader.php(106): include('E:\\laragon\\www\\...')
#14 E:\laragon\www\University\wp-blog-header.php(19): require_once('E:\\laragon\\www\\...')
#15 E:\laragon\www\University\index.php(17): require('E:\\laragon\\www\\...')
#16 {main}
  thrown in E:\laragon\www\University\wp-content\themes\university\functions.php on line 5
[12-May-2024 14:15:51 UTC] PHP Fatal error:  Uncaught Error: Call to undefined function wp_header() in E:\laragon\www\University\wp-content\themes\university\header.php:7
Stack trace:
#0 E:\laragon\www\University\wp-includes\template.php(810): require_once()
#1 E:\laragon\www\University\wp-includes\template.php(745): load_template('E:\\laragon\\www\\...', true, Array)
#2 E:\laragon\www\University\wp-includes\general-template.php(48): locate_template(Array, true, true, Array)
#3 E:\laragon\www\University\wp-content\themes\university\front-page.php(1): get_header()
#4 E:\laragon\www\University\wp-includes\template-loader.php(106): include('E:\\laragon\\www\\...')
#5 E:\laragon\www\University\wp-blog-header.php(19): require_once('E:\\laragon\\www\\...')
#6 E:\laragon\www\University\index.php(17): require('E:\\laragon\\www\\...')
#7 {main}
  thrown in E:\laragon\www\University\wp-content\themes\university\header.php on line 7
[12-May-2024 14:30:46 UTC] PHP Parse error:  syntax error, unexpected identifier "get_theme_file_uri", expecting ":" in E:\laragon\www\University\wp-content\themes\university\front-page.php on line 1
[21-May-2024 08:24:34 UTC] PHP Parse error:  syntax error, unexpected token "function", expecting "(" in E:\laragon\www\myplugin\wp-content\plugins\my_plugin\my_plugin.php on line 20
[21-May-2024 09:37:12 UTC] PHP Parse error:  syntax error, unexpected token "}" in E:\laragon\www\myplugin\wp-content\plugins\my_plugin\my_plugin.php on line 23
[21-May-2024 09:37:15 UTC] PHP Parse error:  syntax error, unexpected token "}" in E:\laragon\www\myplugin\wp-content\plugins\my_plugin\my_plugin.php on line 23
[21-May-2024 09:37:15 UTC] PHP Parse error:  syntax error, unexpected token "}" in E:\laragon\www\myplugin\wp-content\plugins\my_plugin\my_plugin.php on line 23
[21-May-2024 09:37:23 UTC] PHP Parse error:  syntax error, unexpected token "}" in E:\laragon\www\myplugin\wp-content\plugins\my_plugin\my_plugin.php on line 23
[21-May-2024 09:37:23 UTC] PHP Parse error:  syntax error, unexpected token "}" in E:\laragon\www\myplugin\wp-content\plugins\my_plugin\my_plugin.php on line 23
[21-May-2024 09:39:29 UTC] PHP Parse error:  syntax error, unexpected token "}" in E:\laragon\www\myplugin\wp-content\plugins\my_plugin\my_plugin.php on line 23
[21-May-2024 09:39:29 UTC] PHP Parse error:  syntax error, unexpected token "}" in E:\laragon\www\myplugin\wp-content\plugins\my_plugin\my_plugin.php on line 23
[21-May-2024 09:39:34 UTC] PHP Parse error:  syntax error, unexpected token "}" in E:\laragon\www\myplugin\wp-content\plugins\my_plugin\my_plugin.php on line 23
[21-May-2024 09:39:35 UTC] PHP Parse error:  syntax error, unexpected token "}" in E:\laragon\www\myplugin\wp-content\plugins\my_plugin\my_plugin.php on line 23
[21-May-2024 09:40:18 UTC] PHP Parse error:  syntax error, unexpected token "}" in E:\laragon\www\myplugin\wp-content\plugins\my_plugin\my_plugin.php on line 23
[21-May-2024 09:40:18 UTC] PHP Parse error:  syntax error, unexpected token "}" in E:\laragon\www\myplugin\wp-content\plugins\my_plugin\my_plugin.php on line 23
[21-May-2024 09:41:00 UTC] PHP Parse error:  syntax error, unexpected token "}" in E:\laragon\www\myplugin\wp-content\plugins\my_plugin\my_plugin.php on line 23
[21-May-2024 09:41:00 UTC] PHP Parse error:  syntax error, unexpected token "}" in E:\laragon\www\myplugin\wp-content\plugins\my_plugin\my_plugin.php on line 23
[21-May-2024 09:41:02 UTC] PHP Parse error:  syntax error, unexpected token "}" in E:\laragon\www\myplugin\wp-content\plugins\my_plugin\my_plugin.php on line 23
[21-May-2024 09:41:02 UTC] PHP Parse error:  syntax error, unexpected token "}" in E:\laragon\www\myplugin\wp-content\plugins\my_plugin\my_plugin.php on line 23
[21-May-2024 09:41:06 UTC] PHP Parse error:  syntax error, unexpected token "}" in E:\laragon\www\myplugin\wp-content\plugins\my_plugin\my_plugin.php on line 23
[21-May-2024 09:41:06 UTC] PHP Parse error:  syntax error, unexpected token "}" in E:\laragon\www\myplugin\wp-content\plugins\my_plugin\my_plugin.php on line 23
[21-May-2024 09:42:32 UTC] PHP Parse error:  syntax error, unexpected token "}" in E:\laragon\www\myplugin\wp-content\plugins\my_plugin\my_plugin.php on line 23
[21-May-2024 09:42:33 UTC] PHP Parse error:  syntax error, unexpected token "}" in E:\laragon\www\myplugin\wp-content\plugins\my_plugin\my_plugin.php on line 23
[21-May-2024 09:42:34 UTC] PHP Parse error:  syntax error, unexpected token "}" in E:\laragon\www\myplugin\wp-content\plugins\my_plugin\my_plugin.php on line 23
[21-May-2024 09:42:34 UTC] PHP Parse error:  syntax error, unexpected token "}" in E:\laragon\www\myplugin\wp-content\plugins\my_plugin\my_plugin.php on line 23
[21-May-2024 09:44:11 UTC] PHP Parse error:  syntax error, unexpected token "}" in E:\laragon\www\myplugin\wp-content\plugins\my_plugin\my_plugin.php on line 23
[21-May-2024 09:44:12 UTC] PHP Parse error:  syntax error, unexpected token "}" in E:\laragon\www\myplugin\wp-content\plugins\my_plugin\my_plugin.php on line 23
[21-May-2024 09:45:09 UTC] PHP Parse error:  syntax error, unexpected token "}" in E:\laragon\www\myplugin\wp-content\plugins\my_plugin\my_plugin.php on line 23
[21-May-2024 09:45:09 UTC] PHP Parse error:  syntax error, unexpected token "}" in E:\laragon\www\myplugin\wp-content\plugins\my_plugin\my_plugin.php on line 23
[21-May-2024 09:47:00 UTC] PHP Parse error:  syntax error, unexpected token "}" in E:\laragon\www\myplugin\wp-content\plugins\my_plugin\my_plugin.php on line 23
[21-May-2024 09:47:01 UTC] PHP Parse error:  syntax error, unexpected token "}" in E:\laragon\www\myplugin\wp-content\plugins\my_plugin\my_plugin.php on line 23
[21-May-2024 09:48:08 UTC] PHP Parse error:  syntax error, unexpected token "}" in E:\laragon\www\myplugin\wp-content\plugins\my_plugin\my_plugin.php on line 23
[21-May-2024 09:48:08 UTC] PHP Parse error:  syntax error, unexpected token "}" in E:\laragon\www\myplugin\wp-content\plugins\my_plugin\my_plugin.php on line 23
[21-May-2024 09:48:22 UTC] PHP Parse error:  syntax error, unexpected token "}" in E:\laragon\www\myplugin\wp-content\plugins\my_plugin\my_plugin.php on line 23
[21-May-2024 09:48:23 UTC] PHP Parse error:  syntax error, unexpected token "}" in E:\laragon\www\myplugin\wp-content\plugins\my_plugin\my_plugin.php on line 23
[21-May-2024 09:49:29 UTC] PHP Parse error:  syntax error, unexpected token "}" in E:\laragon\www\myplugin\wp-content\plugins\my_plugin\my_plugin.php on line 23
[21-May-2024 09:49:30 UTC] PHP Parse error:  syntax error, unexpected token "}" in E:\laragon\www\myplugin\wp-content\plugins\my_plugin\my_plugin.php on line 23
[21-May-2024 09:49:34 UTC] PHP Parse error:  syntax error, unexpected token "}" in E:\laragon\www\myplugin\wp-content\plugins\my_plugin\my_plugin.php on line 23
[21-May-2024 09:49:34 UTC] PHP Parse error:  syntax error, unexpected token "}" in E:\laragon\www\myplugin\wp-content\plugins\my_plugin\my_plugin.php on line 23
[21-May-2024 09:50:19 UTC] PHP Parse error:  syntax error, unexpected token "}" in E:\laragon\www\myplugin\wp-content\plugins\my_plugin\my_plugin.php on line 23
[21-May-2024 09:50:20 UTC] PHP Parse error:  syntax error, unexpected token "}" in E:\laragon\www\myplugin\wp-content\plugins\my_plugin\my_plugin.php on line 23
[21-May-2024 09:50:21 UTC] PHP Parse error:  syntax error, unexpected token "}" in E:\laragon\www\myplugin\wp-content\plugins\my_plugin\my_plugin.php on line 23
[21-May-2024 09:50:21 UTC] PHP Parse error:  syntax error, unexpected token "}" in E:\laragon\www\myplugin\wp-content\plugins\my_plugin\my_plugin.php on line 23
[21-May-2024 09:50:37 UTC] PHP Parse error:  syntax error, unexpected token "}" in E:\laragon\www\myplugin\wp-content\plugins\my_plugin\my_plugin.php on line 23
[21-May-2024 09:50:38 UTC] PHP Parse error:  syntax error, unexpected token "}" in E:\laragon\www\myplugin\wp-content\plugins\my_plugin\my_plugin.php on line 23
[21-May-2024 09:50:39 UTC] PHP Parse error:  syntax error, unexpected token "}" in E:\laragon\www\myplugin\wp-content\plugins\my_plugin\my_plugin.php on line 23
[21-May-2024 09:50:40 UTC] PHP Parse error:  syntax error, unexpected token "}" in E:\laragon\www\myplugin\wp-content\plugins\my_plugin\my_plugin.php on line 23
[21-May-2024 09:51:06 UTC] PHP Parse error:  syntax error, unexpected token "}" in E:\laragon\www\myplugin\wp-content\plugins\my_plugin\my_plugin.php on line 23
[21-May-2024 09:51:07 UTC] PHP Parse error:  syntax error, unexpected token "}" in E:\laragon\www\myplugin\wp-content\plugins\my_plugin\my_plugin.php on line 23
[21-May-2024 09:51:28 UTC] PHP Parse error:  syntax error, unexpected token "}" in E:\laragon\www\myplugin\wp-content\plugins\my_plugin\my_plugin.php on line 23
[21-May-2024 09:51:28 UTC] PHP Parse error:  syntax error, unexpected token "}" in E:\laragon\www\myplugin\wp-content\plugins\my_plugin\my_plugin.php on line 23
[21-May-2024 09:51:56 UTC] PHP Parse error:  syntax error, unexpected token "}" in E:\laragon\www\myplugin\wp-content\plugins\my_plugin\my_plugin.php on line 23
[21-May-2024 09:51:56 UTC] PHP Parse error:  syntax error, unexpected token "}" in E:\laragon\www\myplugin\wp-content\plugins\my_plugin\my_plugin.php on line 23
[21-May-2024 09:52:51 UTC] PHP Parse error:  syntax error, unexpected token "}" in E:\laragon\www\myplugin\wp-content\plugins\my_plugin\my_plugin.php on line 23
[21-May-2024 09:52:51 UTC] PHP Parse error:  syntax error, unexpected token "}" in E:\laragon\www\myplugin\wp-content\plugins\my_plugin\my_plugin.php on line 23
[21-May-2024 09:52:55 UTC] PHP Parse error:  syntax error, unexpected token "}" in E:\laragon\www\myplugin\wp-content\plugins\my_plugin\my_plugin.php on line 23
[21-May-2024 09:52:55 UTC] PHP Parse error:  syntax error, unexpected token "}" in E:\laragon\www\myplugin\wp-content\plugins\my_plugin\my_plugin.php on line 23
[21-May-2024 09:54:23 UTC] PHP Parse error:  syntax error, unexpected token ";", expecting "function" or "const" in E:\laragon\www\myplugin\wp-content\plugins\my_plugin\my_plugin.php on line 35
[21-May-2024 09:54:24 UTC] PHP Parse error:  syntax error, unexpected token ";", expecting "function" or "const" in E:\laragon\www\myplugin\wp-content\plugins\my_plugin\my_plugin.php on line 35
[21-May-2024 09:54:29 UTC] PHP Parse error:  syntax error, unexpected token ";", expecting "function" or "const" in E:\laragon\www\myplugin\wp-content\plugins\my_plugin\my_plugin.php on line 35
[21-May-2024 09:54:29 UTC] PHP Parse error:  syntax error, unexpected token ";", expecting "function" or "const" in E:\laragon\www\myplugin\wp-content\plugins\my_plugin\my_plugin.php on line 35
[21-May-2024 09:54:36 UTC] PHP Parse error:  syntax error, unexpected token ";", expecting "function" or "const" in E:\laragon\www\myplugin\wp-content\plugins\my_plugin\my_plugin.php on line 35
[21-May-2024 09:54:37 UTC] PHP Parse error:  syntax error, unexpected token ";", expecting "function" or "const" in E:\laragon\www\myplugin\wp-content\plugins\my_plugin\my_plugin.php on line 35
[21-May-2024 09:56:46 UTC] PHP Parse error:  syntax error, unexpected token ";", expecting "function" or "const" in E:\laragon\www\myplugin\wp-content\plugins\my_plugin\my_plugin.php on line 34
[21-May-2024 09:56:46 UTC] PHP Parse error:  syntax error, unexpected token ";", expecting "function" or "const" in E:\laragon\www\myplugin\wp-content\plugins\my_plugin\my_plugin.php on line 34
[21-May-2024 09:57:25 UTC] PHP Parse error:  syntax error, unexpected token ";", expecting "function" or "const" in E:\laragon\www\myplugin\wp-content\plugins\my_plugin\my_plugin.php on line 34
[21-May-2024 09:57:26 UTC] PHP Parse error:  syntax error, unexpected token ";", expecting "function" or "const" in E:\laragon\www\myplugin\wp-content\plugins\my_plugin\my_plugin.php on line 34
[21-May-2024 09:57:27 UTC] PHP Parse error:  syntax error, unexpected token ";", expecting "function" or "const" in E:\laragon\www\myplugin\wp-content\plugins\my_plugin\my_plugin.php on line 34
[21-May-2024 09:57:28 UTC] PHP Parse error:  syntax error, unexpected token ";", expecting "function" or "const" in E:\laragon\www\myplugin\wp-content\plugins\my_plugin\my_plugin.php on line 34
[21-May-2024 09:57:29 UTC] PHP Parse error:  syntax error, unexpected token ";", expecting "function" or "const" in E:\laragon\www\myplugin\wp-content\plugins\my_plugin\my_plugin.php on line 34
[21-May-2024 09:57:30 UTC] PHP Parse error:  syntax error, unexpected token ";", expecting "function" or "const" in E:\laragon\www\myplugin\wp-content\plugins\my_plugin\my_plugin.php on line 34
[21-May-2024 09:58:16 UTC] PHP Parse error:  syntax error, unexpected token ";", expecting "function" or "const" in E:\laragon\www\myplugin\wp-content\plugins\my_plugin\my_plugin.php on line 34
[21-May-2024 09:58:16 UTC] PHP Parse error:  syntax error, unexpected token ";", expecting "function" or "const" in E:\laragon\www\myplugin\wp-content\plugins\my_plugin\my_plugin.php on line 34
[21-May-2024 09:58:19 UTC] PHP Parse error:  syntax error, unexpected token ";", expecting "function" or "const" in E:\laragon\www\myplugin\wp-content\plugins\my_plugin\my_plugin.php on line 34
[21-May-2024 09:58:19 UTC] PHP Parse error:  syntax error, unexpected token ";", expecting "function" or "const" in E:\laragon\www\myplugin\wp-content\plugins\my_plugin\my_plugin.php on line 34
[21-May-2024 09:58:58 UTC] PHP Parse error:  syntax error, unexpected token ";", expecting "function" or "const" in E:\laragon\www\myplugin\wp-content\plugins\my_plugin\my_plugin.php on line 34
[21-May-2024 09:58:58 UTC] PHP Parse error:  syntax error, unexpected token ";", expecting "function" or "const" in E:\laragon\www\myplugin\wp-content\plugins\my_plugin\my_plugin.php on line 34
[21-May-2024 09:59:11 UTC] PHP Parse error:  syntax error, unexpected token ";", expecting "function" or "const" in E:\laragon\www\myplugin\wp-content\plugins\my_plugin\my_plugin.php on line 40
[21-May-2024 09:59:11 UTC] PHP Parse error:  syntax error, unexpected token ";", expecting "function" or "const" in E:\laragon\www\myplugin\wp-content\plugins\my_plugin\my_plugin.php on line 40
[21-May-2024 09:59:12 UTC] PHP Parse error:  syntax error, unexpected token ";", expecting "function" or "const" in E:\laragon\www\myplugin\wp-content\plugins\my_plugin\my_plugin.php on line 40
[21-May-2024 09:59:13 UTC] PHP Parse error:  syntax error, unexpected token ";", expecting "function" or "const" in E:\laragon\www\myplugin\wp-content\plugins\my_plugin\my_plugin.php on line 40
[21-May-2024 09:59:31 UTC] PHP Parse error:  syntax error, unexpected token ";", expecting "function" or "const" in E:\laragon\www\myplugin\wp-content\plugins\my_plugin\my_plugin.php on line 40
[21-May-2024 09:59:31 UTC] PHP Parse error:  syntax error, unexpected token ";", expecting "function" or "const" in E:\laragon\www\myplugin\wp-content\plugins\my_plugin\my_plugin.php on line 40
[21-May-2024 10:00:35 UTC] PHP Parse error:  Unclosed '{' on line 22 in E:\laragon\www\myplugin\wp-content\plugins\my_plugin\my_plugin.php on line 47
[21-May-2024 10:00:36 UTC] PHP Parse error:  Unclosed '{' on line 22 in E:\laragon\www\myplugin\wp-content\plugins\my_plugin\my_plugin.php on line 47
[21-May-2024 10:01:21 UTC] PHP Fatal error:  Uncaught TypeError: call_user_func_array(): Argument #1 ($callback) must be a valid callback, class MyPlugin does not have a method "render_employee" in E:\laragon\www\myplugin\wp-includes\class-wp-hook.php:324
Stack trace:
#0 E:\laragon\www\myplugin\wp-includes\class-wp-hook.php(348): WP_Hook->apply_filters('', Array)
#1 E:\laragon\www\myplugin\wp-includes\plugin.php(517): WP_Hook->do_action(Array)
#2 E:\laragon\www\myplugin\wp-admin\admin.php(259): do_action('toplevel_page_a...')
#3 {main}
  thrown in E:\laragon\www\myplugin\wp-includes\class-wp-hook.php on line 324
[21-May-2024 10:21:00 UTC] PHP Fatal error:  Uncaught TypeError: call_user_func_array(): Argument #1 ($callback) must be a valid callback, class MyPlugin does not have a method "render_employee" in E:\laragon\www\myplugin\wp-includes\class-wp-hook.php:324
Stack trace:
#0 E:\laragon\www\myplugin\wp-includes\class-wp-hook.php(348): WP_Hook->apply_filters('', Array)
#1 E:\laragon\www\myplugin\wp-includes\plugin.php(517): WP_Hook->do_action(Array)
#2 E:\laragon\www\myplugin\wp-admin\admin.php(259): do_action('toplevel_page_a...')
#3 {main}
  thrown in E:\laragon\www\myplugin\wp-includes\class-wp-hook.php on line 324
[21-May-2024 10:21:15 UTC] PHP Fatal error:  Uncaught TypeError: call_user_func_array(): Argument #1 ($callback) must be a valid callback, class MyPlugin does not have a method "render_employee" in E:\laragon\www\myplugin\wp-includes\class-wp-hook.php:324
Stack trace:
#0 E:\laragon\www\myplugin\wp-includes\class-wp-hook.php(348): WP_Hook->apply_filters('', Array)
#1 E:\laragon\www\myplugin\wp-includes\plugin.php(517): WP_Hook->do_action(Array)
#2 E:\laragon\www\myplugin\wp-admin\admin.php(259): do_action('toplevel_page_a...')
#3 {main}
  thrown in E:\laragon\www\myplugin\wp-includes\class-wp-hook.php on line 324
[21-May-2024 10:25:36 UTC] PHP Fatal error:  Uncaught TypeError: call_user_func_array(): Argument #1 ($callback) must be a valid callback, class MyPlugin does not have a method "render_employee" in E:\laragon\www\myplugin\wp-includes\class-wp-hook.php:324
Stack trace:
#0 E:\laragon\www\myplugin\wp-includes\class-wp-hook.php(348): WP_Hook->apply_filters('', Array)
#1 E:\laragon\www\myplugin\wp-includes\plugin.php(517): WP_Hook->do_action(Array)
#2 E:\laragon\www\myplugin\wp-admin\admin.php(259): do_action('toplevel_page_a...')
#3 {main}
  thrown in E:\laragon\www\myplugin\wp-includes\class-wp-hook.php on line 324
[22-May-2024 09:33:19 UTC] PHP Parse error:  syntax error, unexpected token "}" in E:\laragon\www\myplugin\wp-content\plugins\my_plugin\my_plugin.php on line 35
[22-May-2024 09:38:19 UTC] PHP Fatal error:  Uncaught Error: Undefined constant "_FILE_" in E:\laragon\www\myplugin\wp-content\plugins\my_plugin\my_plugin.php:18
Stack trace:
#0 E:\laragon\www\myplugin\wp-settings.php(517): include_once()
#1 E:\laragon\www\myplugin\wp-config.php(103): require_once('E:\\laragon\\www\\...')
#2 E:\laragon\www\myplugin\wp-load.php(50): require_once('E:\\laragon\\www\\...')
#3 E:\laragon\www\myplugin\wp-admin\admin-ajax.php(22): require_once('E:\\laragon\\www\\...')
#4 {main}
  thrown in E:\laragon\www\myplugin\wp-content\plugins\my_plugin\my_plugin.php on line 18
[22-May-2024 09:40:19 UTC] PHP Fatal error:  Uncaught Error: Undefined constant "_FILE_" in E:\laragon\www\myplugin\wp-content\plugins\my_plugin\my_plugin.php:18
Stack trace:
#0 E:\laragon\www\myplugin\wp-settings.php(517): include_once()
#1 E:\laragon\www\myplugin\wp-config.php(103): require_once('E:\\laragon\\www\\...')
#2 E:\laragon\www\myplugin\wp-load.php(50): require_once('E:\\laragon\\www\\...')
#3 E:\laragon\www\myplugin\wp-admin\admin-ajax.php(22): require_once('E:\\laragon\\www\\...')
#4 {main}
  thrown in E:\laragon\www\myplugin\wp-content\plugins\my_plugin\my_plugin.php on line 18
[22-May-2024 09:42:19 UTC] PHP Fatal error:  Uncaught Error: Undefined constant "_FILE_" in E:\laragon\www\myplugin\wp-content\plugins\my_plugin\my_plugin.php:19
Stack trace:
#0 E:\laragon\www\myplugin\wp-settings.php(517): include_once()
#1 E:\laragon\www\myplugin\wp-config.php(103): require_once('E:\\laragon\\www\\...')
#2 E:\laragon\www\myplugin\wp-load.php(50): require_once('E:\\laragon\\www\\...')
#3 E:\laragon\www\myplugin\wp-admin\admin-ajax.php(22): require_once('E:\\laragon\\www\\...')
#4 {main}
  thrown in E:\laragon\www\myplugin\wp-content\plugins\my_plugin\my_plugin.php on line 19
[22-May-2024 09:44:19 UTC] PHP Fatal error:  Uncaught Error: Undefined constant "_FILE_" in E:\laragon\www\myplugin\wp-content\plugins\my_plugin\my_plugin.php:19
Stack trace:
#0 E:\laragon\www\myplugin\wp-settings.php(517): include_once()
#1 E:\laragon\www\myplugin\wp-config.php(103): require_once('E:\\laragon\\www\\...')
#2 E:\laragon\www\myplugin\wp-load.php(50): require_once('E:\\laragon\\www\\...')
#3 E:\laragon\www\myplugin\wp-admin\admin-ajax.php(22): require_once('E:\\laragon\\www\\...')
#4 {main}
  thrown in E:\laragon\www\myplugin\wp-content\plugins\my_plugin\my_plugin.php on line 19
[22-May-2024 10:33:29 UTC] PHP Fatal error:  Uncaught Error: Undefined constant "_FILE_" in E:\laragon\www\myplugin\wp-content\plugins\my_plugin\my_plugin.php:19
Stack trace:
#0 E:\laragon\www\myplugin\wp-settings.php(517): include_once()
#1 E:\laragon\www\myplugin\wp-config.php(103): require_once('E:\\laragon\\www\\...')
#2 E:\laragon\www\myplugin\wp-load.php(50): require_once('E:\\laragon\\www\\...')
#3 E:\laragon\www\myplugin\wp-admin\admin-ajax.php(22): require_once('E:\\laragon\\www\\...')
#4 {main}
  thrown in E:\laragon\www\myplugin\wp-content\plugins\my_plugin\my_plugin.php on line 19
[22-May-2024 10:34:29 UTC] PHP Fatal error:  Uncaught Error: Undefined constant "_FILE_" in E:\laragon\www\myplugin\wp-content\plugins\my_plugin\my_plugin.php:19
Stack trace:
#0 E:\laragon\www\myplugin\wp-settings.php(517): include_once()
#1 E:\laragon\www\myplugin\wp-config.php(103): require_once('E:\\laragon\\www\\...')
#2 E:\laragon\www\myplugin\wp-load.php(50): require_once('E:\\laragon\\www\\...')
#3 E:\laragon\www\myplugin\wp-admin\admin-ajax.php(22): require_once('E:\\laragon\\www\\...')
#4 {main}
  thrown in E:\laragon\www\myplugin\wp-content\plugins\my_plugin\my_plugin.php on line 19
[22-May-2024 10:36:30 UTC] PHP Fatal error:  Uncaught Error: Undefined constant "_FILE_" in E:\laragon\www\myplugin\wp-content\plugins\my_plugin\my_plugin.php:19
Stack trace:
#0 E:\laragon\www\myplugin\wp-settings.php(517): include_once()
#1 E:\laragon\www\myplugin\wp-config.php(103): require_once('E:\\laragon\\www\\...')
#2 E:\laragon\www\myplugin\wp-load.php(50): require_once('E:\\laragon\\www\\...')
#3 E:\laragon\www\myplugin\wp-admin\admin-ajax.php(22): require_once('E:\\laragon\\www\\...')
#4 {main}
  thrown in E:\laragon\www\myplugin\wp-content\plugins\my_plugin\my_plugin.php on line 19
[22-May-2024 10:38:31 UTC] PHP Fatal error:  Uncaught Error: Undefined constant "_FILE_" in E:\laragon\www\myplugin\wp-content\plugins\my_plugin\my_plugin.php:19
Stack trace:
#0 E:\laragon\www\myplugin\wp-settings.php(517): include_once()
#1 E:\laragon\www\myplugin\wp-config.php(103): require_once('E:\\laragon\\www\\...')
#2 E:\laragon\www\myplugin\wp-load.php(50): require_once('E:\\laragon\\www\\...')
#3 E:\laragon\www\myplugin\wp-admin\admin-ajax.php(22): require_once('E:\\laragon\\www\\...')
#4 {main}
  thrown in E:\laragon\www\myplugin\wp-content\plugins\my_plugin\my_plugin.php on line 19
[22-May-2024 10:40:32 UTC] PHP Fatal error:  Uncaught Error: Undefined constant "_FILE_" in E:\laragon\www\myplugin\wp-content\plugins\my_plugin\my_plugin.php:19
Stack trace:
#0 E:\laragon\www\myplugin\wp-settings.php(517): include_once()
#1 E:\laragon\www\myplugin\wp-config.php(103): require_once('E:\\laragon\\www\\...')
#2 E:\laragon\www\myplugin\wp-load.php(50): require_once('E:\\laragon\\www\\...')
#3 E:\laragon\www\myplugin\wp-admin\admin-ajax.php(22): require_once('E:\\laragon\\www\\...')
#4 {main}
  thrown in E:\laragon\www\myplugin\wp-content\plugins\my_plugin\my_plugin.php on line 19
[22-May-2024 10:42:33 UTC] PHP Fatal error:  Uncaught Error: Undefined constant "_FILE_" in E:\laragon\www\myplugin\wp-content\plugins\my_plugin\my_plugin.php:19
Stack trace:
#0 E:\laragon\www\myplugin\wp-settings.php(517): include_once()
#1 E:\laragon\www\myplugin\wp-config.php(103): require_once('E:\\laragon\\www\\...')
#2 E:\laragon\www\myplugin\wp-load.php(50): require_once('E:\\laragon\\www\\...')
#3 E:\laragon\www\myplugin\wp-admin\admin-ajax.php(22): require_once('E:\\laragon\\www\\...')
#4 {main}
  thrown in E:\laragon\www\myplugin\wp-content\plugins\my_plugin\my_plugin.php on line 19
[23-May-2024 03:31:14 UTC] PHP Fatal error:  Uncaught Error: Undefined constant "_FILE_" in E:\laragon\www\myplugin\wp-content\plugins\my_plugin\my_plugin.php:19
Stack trace:
#0 E:\laragon\www\myplugin\wp-settings.php(517): include_once()
#1 E:\laragon\www\myplugin\wp-config.php(103): require_once('E:\\laragon\\www\\...')
#2 E:\laragon\www\myplugin\wp-load.php(50): require_once('E:\\laragon\\www\\...')
#3 E:\laragon\www\myplugin\wp-admin\admin.php(34): require_once('E:\\laragon\\www\\...')
#4 E:\laragon\www\myplugin\wp-admin\plugins.php(10): require_once('E:\\laragon\\www\\...')
#5 {main}
  thrown in E:\laragon\www\myplugin\wp-content\plugins\my_plugin\my_plugin.php on line 19
[23-May-2024 03:36:00 UTC] PHP Fatal error:  Uncaught ArgumentCountError: defined() expects exactly 1 argument, 2 given in E:\laragon\www\myplugin\wp-content\plugins\my_plugin\my_plugin.php:19
Stack trace:
#0 E:\laragon\www\myplugin\wp-content\plugins\my_plugin\my_plugin.php(19): defined('PLUGIN_PATH', 'http://myplugin...')
#1 E:\laragon\www\myplugin\wp-settings.php(517): include_once('E:\\laragon\\www\\...')
#2 E:\laragon\www\myplugin\wp-config.php(103): require_once('E:\\laragon\\www\\...')
#3 E:\laragon\www\myplugin\wp-load.php(50): require_once('E:\\laragon\\www\\...')
#4 E:\laragon\www\myplugin\wp-admin\admin.php(34): require_once('E:\\laragon\\www\\...')
#5 E:\laragon\www\myplugin\wp-admin\plugins.php(10): require_once('E:\\laragon\\www\\...')
#6 {main}
  thrown in E:\laragon\www\myplugin\wp-content\plugins\my_plugin\my_plugin.php on line 19
[23-May-2024 03:36:00 UTC] PHP Fatal error:  Uncaught ArgumentCountError: defined() expects exactly 1 argument, 2 given in E:\laragon\www\myplugin\wp-content\plugins\my_plugin\my_plugin.php:19
Stack trace:
#0 E:\laragon\www\myplugin\wp-content\plugins\my_plugin\my_plugin.php(19): defined('PLUGIN_PATH', 'http://myplugin...')
#1 E:\laragon\www\myplugin\wp-settings.php(517): include_once('E:\\laragon\\www\\...')
#2 E:\laragon\www\myplugin\wp-config.php(103): require_once('E:\\laragon\\www\\...')
#3 E:\laragon\www\myplugin\wp-load.php(50): require_once('E:\\laragon\\www\\...')
#4 E:\laragon\www\myplugin\wp-blog-header.php(13): require_once('E:\\laragon\\www\\...')
#5 E:\laragon\www\myplugin\index.php(17): require('E:\\laragon\\www\\...')
#6 {main}
  thrown in E:\laragon\www\myplugin\wp-content\plugins\my_plugin\my_plugin.php on line 19
[23-May-2024 03:37:36 UTC] PHP Fatal error:  Uncaught ArgumentCountError: defined() expects exactly 1 argument, 2 given in E:\laragon\www\myplugin\wp-content\plugins\my_plugin\my_plugin.php:19
Stack trace:
#0 E:\laragon\www\myplugin\wp-content\plugins\my_plugin\my_plugin.php(19): defined('PLUGIN_PATH', 'E:\\laragon\\www\\...')
#1 E:\laragon\www\myplugin\wp-settings.php(517): include_once('E:\\laragon\\www\\...')
#2 E:\laragon\www\myplugin\wp-config.php(103): require_once('E:\\laragon\\www\\...')
#3 E:\laragon\www\myplugin\wp-load.php(50): require_once('E:\\laragon\\www\\...')
#4 E:\laragon\www\myplugin\wp-admin\admin.php(34): require_once('E:\\laragon\\www\\...')
#5 E:\laragon\www\myplugin\wp-admin\plugins.php(10): require_once('E:\\laragon\\www\\...')
#6 {main}
  thrown in E:\laragon\www\myplugin\wp-content\plugins\my_plugin\my_plugin.php on line 19
[23-May-2024 03:37:36 UTC] PHP Fatal error:  Uncaught ArgumentCountError: defined() expects exactly 1 argument, 2 given in E:\laragon\www\myplugin\wp-content\plugins\my_plugin\my_plugin.php:19
Stack trace:
#0 E:\laragon\www\myplugin\wp-content\plugins\my_plugin\my_plugin.php(19): defined('PLUGIN_PATH', 'E:\\laragon\\www\\...')
#1 E:\laragon\www\myplugin\wp-settings.php(517): include_once('E:\\laragon\\www\\...')
#2 E:\laragon\www\myplugin\wp-config.php(103): require_once('E:\\laragon\\www\\...')
#3 E:\laragon\www\myplugin\wp-load.php(50): require_once('E:\\laragon\\www\\...')
#4 E:\laragon\www\myplugin\wp-blog-header.php(13): require_once('E:\\laragon\\www\\...')
#5 E:\laragon\www\myplugin\index.php(17): require('E:\\laragon\\www\\...')
#6 {main}
  thrown in E:\laragon\www\myplugin\wp-content\plugins\my_plugin\my_plugin.php on line 19
[23-May-2024 03:41:00 UTC] PHP Fatal error:  Uncaught ArgumentCountError: defined() expects exactly 1 argument, 2 given in E:\laragon\www\myplugin\wp-content\plugins\my_plugin\my_plugin.php:19
Stack trace:
#0 E:\laragon\www\myplugin\wp-content\plugins\my_plugin\my_plugin.php(19): defined('PLUGIN_PATH', 'E:\\laragon\\www\\...')
#1 E:\laragon\www\myplugin\wp-settings.php(517): include_once('E:\\laragon\\www\\...')
#2 E:\laragon\www\myplugin\wp-config.php(103): require_once('E:\\laragon\\www\\...')
#3 E:\laragon\www\myplugin\wp-load.php(50): require_once('E:\\laragon\\www\\...')
#4 E:\laragon\www\myplugin\wp-admin\admin.php(34): require_once('E:\\laragon\\www\\...')
#5 E:\laragon\www\myplugin\wp-admin\plugins.php(10): require_once('E:\\laragon\\www\\...')
#6 {main}
  thrown in E:\laragon\www\myplugin\wp-content\plugins\my_plugin\my_plugin.php on line 19
[23-May-2024 03:41:00 UTC] PHP Fatal error:  Uncaught ArgumentCountError: defined() expects exactly 1 argument, 2 given in E:\laragon\www\myplugin\wp-content\plugins\my_plugin\my_plugin.php:19
Stack trace:
#0 E:\laragon\www\myplugin\wp-content\plugins\my_plugin\my_plugin.php(19): defined('PLUGIN_PATH', 'E:\\laragon\\www\\...')
#1 E:\laragon\www\myplugin\wp-settings.php(517): include_once('E:\\laragon\\www\\...')
#2 E:\laragon\www\myplugin\wp-config.php(103): require_once('E:\\laragon\\www\\...')
#3 E:\laragon\www\myplugin\wp-load.php(50): require_once('E:\\laragon\\www\\...')
#4 E:\laragon\www\myplugin\wp-blog-header.php(13): require_once('E:\\laragon\\www\\...')
#5 E:\laragon\www\myplugin\index.php(17): require('E:\\laragon\\www\\...')
#6 {main}
  thrown in E:\laragon\www\myplugin\wp-content\plugins\my_plugin\my_plugin.php on line 19
[23-May-2024 03:43:58 UTC] PHP Fatal error:  Uncaught ArgumentCountError: defined() expects exactly 1 argument, 2 given in E:\laragon\www\myplugin\wp-content\plugins\my_plugin\my_plugin.php:19
Stack trace:
#0 E:\laragon\www\myplugin\wp-content\plugins\my_plugin\my_plugin.php(19): defined('PLUGIN_PATH', 'E:\\laragon\\www\\...')
#1 E:\laragon\www\myplugin\wp-settings.php(517): include_once('E:\\laragon\\www\\...')
#2 E:\laragon\www\myplugin\wp-config.php(103): require_once('E:\\laragon\\www\\...')
#3 E:\laragon\www\myplugin\wp-load.php(50): require_once('E:\\laragon\\www\\...')
#4 E:\laragon\www\myplugin\wp-admin\admin.php(34): require_once('E:\\laragon\\www\\...')
#5 E:\laragon\www\myplugin\wp-admin\plugins.php(10): require_once('E:\\laragon\\www\\...')
#6 {main}
  thrown in E:\laragon\www\myplugin\wp-content\plugins\my_plugin\my_plugin.php on line 19
[23-May-2024 03:43:58 UTC] PHP Fatal error:  Uncaught ArgumentCountError: defined() expects exactly 1 argument, 2 given in E:\laragon\www\myplugin\wp-content\plugins\my_plugin\my_plugin.php:19
Stack trace:
#0 E:\laragon\www\myplugin\wp-content\plugins\my_plugin\my_plugin.php(19): defined('PLUGIN_PATH', 'E:\\laragon\\www\\...')
#1 E:\laragon\www\myplugin\wp-settings.php(517): include_once('E:\\laragon\\www\\...')
#2 E:\laragon\www\myplugin\wp-config.php(103): require_once('E:\\laragon\\www\\...')
#3 E:\laragon\www\myplugin\wp-load.php(50): require_once('E:\\laragon\\www\\...')
#4 E:\laragon\www\myplugin\wp-blog-header.php(13): require_once('E:\\laragon\\www\\...')
#5 E:\laragon\www\myplugin\index.php(17): require('E:\\laragon\\www\\...')
#6 {main}
  thrown in E:\laragon\www\myplugin\wp-content\plugins\my_plugin\my_plugin.php on line 19
[23-May-2024 03:50:35 UTC] PHP Fatal error:  Uncaught ArgumentCountError: defined() expects exactly 1 argument, 2 given in E:\laragon\www\myplugin\wp-content\plugins\my_plugin\my_plugin.php:19
Stack trace:
#0 E:\laragon\www\myplugin\wp-content\plugins\my_plugin\my_plugin.php(19): defined('PLUGIN_PATH', 'E:\\laragon\\www\\...')
#1 E:\laragon\www\myplugin\wp-settings.php(517): include_once('E:\\laragon\\www\\...')
#2 E:\laragon\www\myplugin\wp-config.php(103): require_once('E:\\laragon\\www\\...')
#3 E:\laragon\www\myplugin\wp-load.php(50): require_once('E:\\laragon\\www\\...')
#4 E:\laragon\www\myplugin\wp-admin\admin.php(34): require_once('E:\\laragon\\www\\...')
#5 E:\laragon\www\myplugin\wp-admin\plugins.php(10): require_once('E:\\laragon\\www\\...')
#6 {main}
  thrown in E:\laragon\www\myplugin\wp-content\plugins\my_plugin\my_plugin.php on line 19
[23-May-2024 03:50:35 UTC] PHP Fatal error:  Uncaught ArgumentCountError: defined() expects exactly 1 argument, 2 given in E:\laragon\www\myplugin\wp-content\plugins\my_plugin\my_plugin.php:19
Stack trace:
#0 E:\laragon\www\myplugin\wp-content\plugins\my_plugin\my_plugin.php(19): defined('PLUGIN_PATH', 'E:\\laragon\\www\\...')
#1 E:\laragon\www\myplugin\wp-settings.php(517): include_once('E:\\laragon\\www\\...')
#2 E:\laragon\www\myplugin\wp-config.php(103): require_once('E:\\laragon\\www\\...')
#3 E:\laragon\www\myplugin\wp-load.php(50): require_once('E:\\laragon\\www\\...')
#4 E:\laragon\www\myplugin\wp-blog-header.php(13): require_once('E:\\laragon\\www\\...')
#5 E:\laragon\www\myplugin\index.php(17): require('E:\\laragon\\www\\...')
#6 {main}
  thrown in E:\laragon\www\myplugin\wp-content\plugins\my_plugin\my_plugin.php on line 19
[23-May-2024 03:50:49 UTC] PHP Fatal error:  Uncaught ArgumentCountError: defined() expects exactly 1 argument, 2 given in E:\laragon\www\myplugin\wp-content\plugins\my_plugin\my_plugin.php:19
Stack trace:
#0 E:\laragon\www\myplugin\wp-content\plugins\my_plugin\my_plugin.php(19): defined('PLUGIN_PATH', 'E:\\laragon\\www\\...')
#1 E:\laragon\www\myplugin\wp-settings.php(517): include_once('E:\\laragon\\www\\...')
#2 E:\laragon\www\myplugin\wp-config.php(103): require_once('E:\\laragon\\www\\...')
#3 E:\laragon\www\myplugin\wp-load.php(50): require_once('E:\\laragon\\www\\...')
#4 E:\laragon\www\myplugin\wp-admin\admin.php(34): require_once('E:\\laragon\\www\\...')
#5 E:\laragon\www\myplugin\wp-admin\index.php(10): require_once('E:\\laragon\\www\\...')
#6 {main}
  thrown in E:\laragon\www\myplugin\wp-content\plugins\my_plugin\my_plugin.php on line 19
[23-May-2024 03:50:49 UTC] PHP Fatal error:  Uncaught ArgumentCountError: defined() expects exactly 1 argument, 2 given in E:\laragon\www\myplugin\wp-content\plugins\my_plugin\my_plugin.php:19
Stack trace:
#0 E:\laragon\www\myplugin\wp-content\plugins\my_plugin\my_plugin.php(19): defined('PLUGIN_PATH', 'E:\\laragon\\www\\...')
#1 E:\laragon\www\myplugin\wp-settings.php(517): include_once('E:\\laragon\\www\\...')
#2 E:\laragon\www\myplugin\wp-config.php(103): require_once('E:\\laragon\\www\\...')
#3 E:\laragon\www\myplugin\wp-load.php(50): require_once('E:\\laragon\\www\\...')
#4 E:\laragon\www\myplugin\wp-blog-header.php(13): require_once('E:\\laragon\\www\\...')
#5 E:\laragon\www\myplugin\index.php(17): require('E:\\laragon\\www\\...')
#6 {main}
  thrown in E:\laragon\www\myplugin\wp-content\plugins\my_plugin\my_plugin.php on line 19
[23-May-2024 03:54:59 UTC] PHP Fatal error:  Uncaught ArgumentCountError: defined() expects exactly 1 argument, 2 given in E:\laragon\www\myplugin\wp-content\plugins\my_plugin\my_plugin.php:19
Stack trace:
#0 E:\laragon\www\myplugin\wp-content\plugins\my_plugin\my_plugin.php(19): defined('PLUGIN_PATH', 'E:\\laragon\\www\\...')
#1 E:\laragon\www\myplugin\wp-settings.php(517): include_once('E:\\laragon\\www\\...')
#2 E:\laragon\www\myplugin\wp-config.php(103): require_once('E:\\laragon\\www\\...')
#3 E:\laragon\www\myplugin\wp-load.php(50): require_once('E:\\laragon\\www\\...')
#4 E:\laragon\www\myplugin\wp-admin\admin.php(34): require_once('E:\\laragon\\www\\...')
#5 E:\laragon\www\myplugin\wp-admin\index.php(10): require_once('E:\\laragon\\www\\...')
#6 {main}
  thrown in E:\laragon\www\myplugin\wp-content\plugins\my_plugin\my_plugin.php on line 19
[23-May-2024 03:55:00 UTC] PHP Fatal error:  Uncaught ArgumentCountError: defined() expects exactly 1 argument, 2 given in E:\laragon\www\myplugin\wp-content\plugins\my_plugin\my_plugin.php:19
Stack trace:
#0 E:\laragon\www\myplugin\wp-content\plugins\my_plugin\my_plugin.php(19): defined('PLUGIN_PATH', 'E:\\laragon\\www\\...')
#1 E:\laragon\www\myplugin\wp-settings.php(517): include_once('E:\\laragon\\www\\...')
#2 E:\laragon\www\myplugin\wp-config.php(103): require_once('E:\\laragon\\www\\...')
#3 E:\laragon\www\myplugin\wp-load.php(50): require_once('E:\\laragon\\www\\...')
#4 E:\laragon\www\myplugin\wp-blog-header.php(13): require_once('E:\\laragon\\www\\...')
#5 E:\laragon\www\myplugin\index.php(17): require('E:\\laragon\\www\\...')
#6 {main}
  thrown in E:\laragon\www\myplugin\wp-content\plugins\my_plugin\my_plugin.php on line 19
[23-May-2024 09:32:20 UTC] PHP Parse error:  syntax error, unexpected identifier "_table_ems", expecting "(" in E:\laragon\www\myplugin\wp-content\plugins\my_plugin\my_plugin.php on line 44
[23-May-2024 09:34:21 UTC] PHP Parse error:  syntax error, unexpected identifier "_table_ems", expecting "(" in E:\laragon\www\myplugin\wp-content\plugins\my_plugin\my_plugin.php on line 44
[23-May-2024 09:35:36 UTC] PHP Parse error:  syntax error, unexpected identifier "_table_ems", expecting "(" in E:\laragon\www\myplugin\wp-content\plugins\my_plugin\my_plugin.php on line 44
[23-May-2024 09:35:37 UTC] PHP Parse error:  syntax error, unexpected identifier "_table_ems", expecting "(" in E:\laragon\www\myplugin\wp-content\plugins\my_plugin\my_plugin.php on line 44
[23-May-2024 09:35:38 UTC] PHP Parse error:  syntax error, unexpected identifier "_table_ems", expecting "(" in E:\laragon\www\myplugin\wp-content\plugins\my_plugin\my_plugin.php on line 44
[23-May-2024 09:35:53 UTC] PHP Parse error:  syntax error, unexpected identifier "_table_ems", expecting "(" in E:\laragon\www\myplugin\wp-content\plugins\my_plugin\my_plugin.php on line 44
[23-May-2024 09:35:54 UTC] PHP Parse error:  syntax error, unexpected identifier "_table_ems", expecting "(" in E:\laragon\www\myplugin\wp-content\plugins\my_plugin\my_plugin.php on line 44
[23-May-2024 09:38:07 UTC] PHP Parse error:  syntax error, unexpected identifier "_table_ems", expecting "(" in E:\laragon\www\myplugin\wp-content\plugins\my_plugin\my_plugin.php on line 44
[23-May-2024 09:38:07 UTC] PHP Parse error:  syntax error, unexpected identifier "_table_ems", expecting "(" in E:\laragon\www\myplugin\wp-content\plugins\my_plugin\my_plugin.php on line 44
[23-May-2024 09:38:09 UTC] PHP Parse error:  syntax error, unexpected identifier "_table_ems", expecting "(" in E:\laragon\www\myplugin\wp-content\plugins\my_plugin\my_plugin.php on line 44
[23-May-2024 09:38:10 UTC] PHP Parse error:  syntax error, unexpected identifier "_table_ems", expecting "(" in E:\laragon\www\myplugin\wp-content\plugins\my_plugin\my_plugin.php on line 44
[23-May-2024 09:38:32 UTC] PHP Parse error:  syntax error, unexpected identifier "_table_ems", expecting "(" in E:\laragon\www\myplugin\wp-content\plugins\my_plugin\my_plugin.php on line 44
[23-May-2024 09:38:33 UTC] PHP Parse error:  syntax error, unexpected identifier "_table_ems", expecting "(" in E:\laragon\www\myplugin\wp-content\plugins\my_plugin\my_plugin.php on line 44
[23-May-2024 09:38:34 UTC] PHP Parse error:  syntax error, unexpected identifier "_table_ems", expecting "(" in E:\laragon\www\myplugin\wp-content\plugins\my_plugin\my_plugin.php on line 44
[23-May-2024 09:38:34 UTC] PHP Parse error:  syntax error, unexpected identifier "_table_ems", expecting "(" in E:\laragon\www\myplugin\wp-content\plugins\my_plugin\my_plugin.php on line 44
[23-May-2024 09:40:09 UTC] PHP Parse error:  syntax error, unexpected identifier "_table_ems", expecting "(" in E:\laragon\www\myplugin\wp-content\plugins\my_plugin\my_plugin.php on line 44
[23-May-2024 09:40:09 UTC] PHP Parse error:  syntax error, unexpected identifier "_table_ems", expecting "(" in E:\laragon\www\myplugin\wp-content\plugins\my_plugin\my_plugin.php on line 44
[23-May-2024 09:40:38 UTC] PHP Parse error:  syntax error, unexpected identifier "ems_form_data" in E:\laragon\www\myplugin\wp-content\plugins\my_plugin\my_plugin.php on line 47
[23-May-2024 09:40:39 UTC] PHP Parse error:  syntax error, unexpected identifier "ems_form_data" in E:\laragon\www\myplugin\wp-content\plugins\my_plugin\my_plugin.php on line 47
[23-May-2024 09:40:39 UTC] PHP Parse error:  syntax error, unexpected identifier "ems_form_data" in E:\laragon\www\myplugin\wp-content\plugins\my_plugin\my_plugin.php on line 47
[23-May-2024 09:40:40 UTC] PHP Parse error:  syntax error, unexpected identifier "ems_form_data" in E:\laragon\www\myplugin\wp-content\plugins\my_plugin\my_plugin.php on line 47
[23-May-2024 09:50:52 UTC] PHP Parse error:  Unmatched '}' in E:\laragon\www\myplugin\wp-content\plugins\my_plugin\my_plugin.php on line 62
[23-May-2024 09:50:52 UTC] PHP Parse error:  Unmatched '}' in E:\laragon\www\myplugin\wp-content\plugins\my_plugin\my_plugin.php on line 62
[23-May-2024 09:51:12 UTC] PHP Parse error:  Unmatched '}' in E:\laragon\www\myplugin\wp-content\plugins\my_plugin\my_plugin.php on line 62
[23-May-2024 09:51:13 UTC] PHP Parse error:  Unmatched '}' in E:\laragon\www\myplugin\wp-content\plugins\my_plugin\my_plugin.php on line 62
[23-May-2024 09:51:59 UTC] PHP Parse error:  Unmatched '}' in E:\laragon\www\myplugin\wp-content\plugins\my_plugin\my_plugin.php on line 62
[23-May-2024 09:51:59 UTC] PHP Parse error:  Unmatched '}' in E:\laragon\www\myplugin\wp-content\plugins\my_plugin\my_plugin.php on line 62
[23-May-2024 09:52:43 UTC] PHP Parse error:  Unmatched '}' in E:\laragon\www\myplugin\wp-content\plugins\my_plugin\my_plugin.php on line 62
[23-May-2024 09:52:43 UTC] PHP Parse error:  Unmatched '}' in E:\laragon\www\myplugin\wp-content\plugins\my_plugin\my_plugin.php on line 62
[23-May-2024 09:52:56 UTC] PHP Parse error:  Unmatched '}' in E:\laragon\www\myplugin\wp-content\plugins\my_plugin\my_plugin.php on line 62
[23-May-2024 09:52:56 UTC] PHP Parse error:  Unmatched '}' in E:\laragon\www\myplugin\wp-content\plugins\my_plugin\my_plugin.php on line 62
[23-May-2024 09:53:21 UTC] PHP Parse error:  Unmatched '}' in E:\laragon\www\myplugin\wp-content\plugins\my_plugin\my_plugin.php on line 62
[23-May-2024 09:53:22 UTC] PHP Parse error:  Unmatched '}' in E:\laragon\www\myplugin\wp-content\plugins\my_plugin\my_plugin.php on line 62
[23-May-2024 09:54:57 UTC] PHP Parse error:  Unmatched '}' in E:\laragon\www\myplugin\wp-content\plugins\my_plugin\my_plugin.php on line 62
[23-May-2024 09:54:57 UTC] PHP Parse error:  Unmatched '}' in E:\laragon\www\myplugin\wp-content\plugins\my_plugin\my_plugin.php on line 62
[23-May-2024 09:58:52 UTC] WordPress database error You have an error in your SQL syntax; check the manual that corresponds to your MySQL server version for the right syntax to use near ''id' int NOT NULL AUTO_INCREMENT,
    'email' varchar(180) NOT NULL,
    'name' at line 2 for query CREATE TABLE wp_ems_form_data (
    'id' int NOT NULL AUTO_INCREMENT,
    'email' varchar(180) NOT NULL,
    'name' varchar(225) NOT NULL,
    'age' int NOT NULL,
    'phone' varchar(20) NOT NULL,
    'address' varchar(255) NOT NULL,
    'gender' varchar(20) NOT NULL,
    PRIMARY KEY (`id`)
  ) ENGINE=InnoDB DEFAULT CHARSET=utf8mb4 COLLATE=utf8mb4_0900_ai_ci made by activate_plugin, do_action('activate_my_plugin/my_plugin.php'), WP_Hook->do_action, WP_Hook->apply_filters, MyPlugin->create_table_ems, dbDelta
